<?xml version="1.0" encoding="UTF-8" ?>
<testsuite tests="4" failures="1" name="mytests.HomePageTest" time="4.009" errors="0" skipped="3">
  <properties>
[...]
</properties>
  <testcase classname="mytests.HomePageTest" name="setup" time="4.003">
    <failure message="chromedriver at location C:\Driver\chromedriver_128, does not exist
For documentation on this error, please visit: https://www.selenium.dev/documentation/webdriver/troubleshooting/errors/driver_location/
Build info: version: &apos;4.18.1&apos;, revision: &apos;b1d3319b48&apos;
System info: os.name: &apos;Windows 11&apos;, os.arch: &apos;amd64&apos;, os.version: &apos;10.0&apos;, java.version: &apos;17.0.5&apos;
Driver info: driver.version: ChromeDriver" type="org.openqa.selenium.remote.NoSuchDriverException">org.openqa.selenium.remote.NoSuchDriverException: chromedriver at location C:\Driver\chromedriver_128, does not exist
For documentation on this error, please visit: https://www.selenium.dev/documentation/webdriver/troubleshooting/errors/driver_location/
Build info: version: &apos;4.18.1&apos;, revision: &apos;b1d3319b48&apos;
System info: os.name: &apos;Windows 11&apos;, os.arch: &apos;amd64&apos;, os.version: &apos;10.0&apos;, java.version: &apos;17.0.5&apos;
Driver info: driver.version: ChromeDriver
	at org.openqa.selenium.remote.service.DriverFinder.getPath(DriverFinder.java:76)
	at org.openqa.selenium.remote.service.DriverFinder.getPath(DriverFinder.java:33)
	at org.openqa.selenium.chrome.ChromeDriver.generateExecutor(ChromeDriver.java:99)
	at org.openqa.selenium.chrome.ChromeDriver.&lt;init&gt;(ChromeDriver.java:89)
	at org.openqa.selenium.chrome.ChromeDriver.&lt;init&gt;(ChromeDriver.java:84)
	at org.openqa.selenium.chrome.ChromeDriver.&lt;init&gt;(ChromeDriver.java:52)
	at Factory.DriverFactory.initDriver(DriverFactory.java:22)
	at mytests.HomePageTest.setup(HomePageTest.java:29)
</failure>
    <system-out>Configuring TestNG with: org.apache.maven.surefire.testng.conf.TestNG652Configurator@1608bcbd
Lang is : null
Browser name is : chrome
</system-out>
  </testcase>
  <testcase classname="mytests.HomePageTest" name="ContactFooterTest" time="0">
    <skipped/>
  </testcase>
  <testcase classname="mytests.HomePageTest" name="headerTest" time="0.001">
    <skipped/>
  </testcase>
  <testcase classname="mytests.HomePageTest" name="tearDown" time="0.005">
    <skipped/>
  </testcase>
</testsuite>